Using pre-set license
Built from '2020.3/staging' branch; Version is '2020.3.0f1 (c7b5465681fb) revision 13088070'; Using compiler version '192528614'; Build Type 'Release'
OS: 'Windows 10 Home; OS build 19042.1348; Version 2009; 64bit' Language: 'en' Physical Memory: 7867 MB
BatchMode: 1, IsHumanControllingUs: 0, StartBugReporterOnCrash: 0, Is64bit: 1, IsPro: 0

 COMMAND LINE ARGUMENTS:
C:\Program Files\Unity\Hub\Editor\2020.3.0f1\Editor\Unity.exe
-adb2
-batchMode
-noUpm
-name
AssetImportWorker2
-projectPath
C:/Users/james/OneDrive/Documents/3D Beginner Project/3D Beginner Project
-logFile
Logs/AssetImportWorker2.log
-srvPort
57600
Successfully changed project path to: C:/Users/james/OneDrive/Documents/3D Beginner Project/3D Beginner Project
C:/Users/james/OneDrive/Documents/3D Beginner Project/3D Beginner Project
Using Asset Import Pipeline V2.
Refreshing native plugins compatible for Editor in 32.77 ms, found 0 plugins.
Preloading 0 native plugins for Editor in 0.00 ms.
Initialize engine version: 2020.3.0f1 (c7b5465681fb)
[Subsystems] Discovering subsystems at path C:/Program Files/Unity/Hub/Editor/2020.3.0f1/Editor/Data/Resources/UnitySubsystems
[Subsystems] Discovering subsystems at path C:/Users/james/OneDrive/Documents/3D Beginner Project/3D Beginner Project/Assets
GfxDevice: creating device client; threaded=0
Direct3D:
    Version:  Direct3D 11.0 [level 11.1]
    Renderer: NVIDIA GeForce GTX 1650 SUPER (ID=0x2187)
    Vendor:   
    VRAM:     3955 MB
    Driver:   27.21.14.6137
Initialize mono
Mono path[0] = 'C:/Program Files/Unity/Hub/Editor/2020.3.0f1/Editor/Data/Managed'
Mono path[1] = 'C:/Program Files/Unity/Hub/Editor/2020.3.0f1/Editor/Data/MonoBleedingEdge/lib/mono/unityjit'
Mono config path = 'C:/Program Files/Unity/Hub/Editor/2020.3.0f1/Editor/Data/MonoBleedingEdge/etc'
Using monoOptions --debugger-agent=transport=dt_socket,embedding=1,server=y,suspend=n,address=127.0.0.1:56432
Begin MonoManager ReloadAssembly
Registering precompiled unity dll's ...
Register platform support module: C:/Program Files/Unity/Hub/Editor/2020.3.0f1/Editor/Data/PlaybackEngines/WindowsStandaloneSupport/UnityEditor.WindowsStandalone.Extensions.dll
Registered in 0.001226 seconds.
Native extension for WindowsStandalone target not found
Refreshing native plugins compatible for Editor in 30.11 ms, found 0 plugins.
Preloading 0 native plugins for Editor in 0.00 ms.
Invoked RoslynAnalysisRunner static constructor.
RoslynAnalysisRunner will not be running.
RoslynAnalysisRunner has terminated.
Mono: successfully reloaded assembly
- Completed reload, in  0.689 seconds
Platform modules already initialized, skipping
Registering precompiled user dll's ...
Registered in 0.002206 seconds.
Begin MonoManager ReloadAssembly
Native extension for WindowsStandalone target not found
Refreshing native plugins compatible for Editor in 0.36 ms, found 0 plugins.
Preloading 0 native plugins for Editor in 0.00 ms.
Invoked RoslynAnalysisRunner static constructor.
RoslynAnalysisRunner will not be running.
RoslynAnalysisRunner has terminated.
Mono: successfully reloaded assembly
- Completed reload, in  0.739 seconds
Platform modules already initialized, skipping
========================================================================
Worker process is ready to serve import requests
Launched and connected shader compiler UnityShaderCompiler.exe after 0.25 seconds
Refreshing native plugins compatible for Editor in 0.35 ms, found 0 plugins.
Preloading 0 native plugins for Editor in 0.00 ms.
Unloading 1623 Unused Serialized files (Serialized files now loaded: 0)
System memory in use before: 77.7 MB.
System memory in use after: 77.8 MB.

Unloading 36 unused Assets to reduce memory usage. Loaded Objects now: 2052.
Total: 1.927100 ms (FindLiveObjects: 0.152900 ms CreateObjectMapping: 0.050300 ms MarkObjects: 1.632200 ms  DeleteObjects: 0.090400 ms)

========================================================================
Received Import Request.
  path: Assets/Readme.asset
  artifactKey: Guid(5aa8565dc31eb3f4a97f05eb11fe8445) Importer(815301076,1909f56bfc062723c751e8b465ee728b)
Start importing Assets/Readme.asset using Guid(5aa8565dc31eb3f4a97f05eb11fe8445) Importer(815301076,1909f56bfc062723c751e8b465ee728b)  -> (artifact id: '0ac67d6df81b5359620b1591cf5ea0c9') in 0.264316 seconds
  Import took 0.268727 seconds .

========================================================================
Received Import Request.
  Time since last request: 371.610608 seconds.
  path: Assets/Audio/SFXBuzzingLight.wav
  artifactKey: Guid(86e0f005f0b8e084698c2cf61bb6c2b6) Importer(815301076,1909f56bfc062723c751e8b465ee728b)
Start importing Assets/Audio/SFXBuzzingLight.wav using Guid(86e0f005f0b8e084698c2cf61bb6c2b6) Importer(815301076,1909f56bfc062723c751e8b465ee728b)  -> (artifact id: 'cbcc9a7618e634bcb60f00549a403632') in 1.165994 seconds
  Import took 1.169317 seconds .

========================================================================
Received Import Request.
  Time since last request: 0.000297 seconds.
  path: Assets/Audio/SFXHouseAmbience.wav
  artifactKey: Guid(205287722f2b6b64583b86d65fdeeb11) Importer(815301076,1909f56bfc062723c751e8b465ee728b)
Start importing Assets/Audio/SFXHouseAmbience.wav using Guid(205287722f2b6b64583b86d65fdeeb11) Importer(815301076,1909f56bfc062723c751e8b465ee728b)  -> (artifact id: '343f36a69e922ac85f31a20dacee29f8') in 0.015385 seconds
  Import took 0.017790 seconds .

========================================================================
Received Import Request.
  Time since last request: 0.000208 seconds.
  path: Assets/Audio/SFXWin.wav
  artifactKey: Guid(c0f716a9e9ac00c438b95158ba195a58) Importer(815301076,1909f56bfc062723c751e8b465ee728b)
Start importing Assets/Audio/SFXWin.wav using Guid(c0f716a9e9ac00c438b95158ba195a58) Importer(815301076,1909f56bfc062723c751e8b465ee728b)  -> (artifact id: 'fbf977472f7f96e2e64550dbb32c6105') in 0.017107 seconds
  Import took 0.019417 seconds .

========================================================================
Received Import Request.
  Time since last request: 0.000334 seconds.
  path: Assets/Audio/SFXFootstepsLooping.wav
  artifactKey: Guid(07e520bb410492d47bf739846d70f2a3) Importer(815301076,1909f56bfc062723c751e8b465ee728b)
Start importing Assets/Audio/SFXFootstepsLooping.wav using Guid(07e520bb410492d47bf739846d70f2a3) Importer(815301076,1909f56bfc062723c751e8b465ee728b)  -> (artifact id: '4c344339688f0e139c033a9f1d550f5f') in 0.030250 seconds
  Import took 0.032648 seconds .

========================================================================
Received Import Request.
  Time since last request: 0.000255 seconds.
  path: Assets/Audio/SFXGhostMove.wav
  artifactKey: Guid(98ea14dfdb9dce74a976520f134fd1a2) Importer(815301076,1909f56bfc062723c751e8b465ee728b)
Start importing Assets/Audio/SFXGhostMove.wav using Guid(98ea14dfdb9dce74a976520f134fd1a2) Importer(815301076,1909f56bfc062723c751e8b465ee728b)  -> (artifact id: '2c3b097177b23cb27be13221b01d5571') in 0.016747 seconds
  Import took 0.022037 seconds .

========================================================================
Received Import Request.
  Time since last request: 0.000237 seconds.
  path: Assets/Audio/SFXGameOver.wav
  artifactKey: Guid(2789d5ce62baaba4ab1ee8bb172304a6) Importer(815301076,1909f56bfc062723c751e8b465ee728b)
Start importing Assets/Audio/SFXGameOver.wav using Guid(2789d5ce62baaba4ab1ee8bb172304a6) Importer(815301076,1909f56bfc062723c751e8b465ee728b)  -> (artifact id: 'b080837a149d68ca3bbccefa7b786b44') in 0.015533 seconds
  Import took 0.020473 seconds .

========================================================================
Received Import Request.
  Time since last request: 0.000320 seconds.
  path: Assets/Audio/SFXCandle.wav
  artifactKey: Guid(dd7f55e125ee8f947b2f399e20aeec8c) Importer(815301076,1909f56bfc062723c751e8b465ee728b)
Start importing Assets/Audio/SFXCandle.wav using Guid(dd7f55e125ee8f947b2f399e20aeec8c) Importer(815301076,1909f56bfc062723c751e8b465ee728b)  -> (artifact id: '9f71a11682e385046fe1e77f1d15db94') in 0.038520 seconds
  Import took 0.042502 seconds .

========================================================================
Received Import Request.
  Time since last request: 105.786987 seconds.
  path: Assets/Scenes/SampleScene.unity
  artifactKey: Guid(9fc0d4010bbf28b4594072e72b8655ab) Importer(815301076,1909f56bfc062723c751e8b465ee728b)
Start importing Assets/Scenes/SampleScene.unity using Guid(9fc0d4010bbf28b4594072e72b8655ab) Importer(815301076,1909f56bfc062723c751e8b465ee728b)  -> (artifact id: '777e927d0b238e2cde0f6869e17df74c') in 0.014398 seconds
  Import took 0.051802 seconds .

========================================================================
Received Import Request.
  Time since last request: 0.114173 seconds.
  path: Assets/Scenes/SampleScene.unity
  artifactKey: Guid(9fc0d4010bbf28b4594072e72b8655ab) Importer(815301076,1909f56bfc062723c751e8b465ee728b)
Start importing Assets/Scenes/SampleScene.unity using Guid(9fc0d4010bbf28b4594072e72b8655ab) Importer(815301076,1909f56bfc062723c751e8b465ee728b)  -> (artifact id: '777e927d0b238e2cde0f6869e17df74c') in 0.003937 seconds
  Import took 0.008053 seconds .

========================================================================
Received Import Request.
  Time since last request: 2.060445 seconds.
  path: Assets/Prefabs/Level.prefab
  artifactKey: Guid(549c69af39b84624b8a053537c407def) Importer(815301076,1909f56bfc062723c751e8b465ee728b)
Start importing Assets/Prefabs/Level.prefab using Guid(549c69af39b84624b8a053537c407def) Importer(815301076,1909f56bfc062723c751e8b465ee728b)  -> (artifact id: '2fd0b7e243445ca253a79d7b49378a43') in 10.450819 seconds
  Import took 10.463261 seconds .

========================================================================
Received Import Request.
  Time since last request: 793.968638 seconds.
  path: Assets/Models/Characters
  artifactKey: Guid(0a4baff46de2c5f42a4a87eb698b18ed) Importer(815301076,1909f56bfc062723c751e8b465ee728b)
Start importing Assets/Models/Characters using Guid(0a4baff46de2c5f42a4a87eb698b18ed) Importer(815301076,1909f56bfc062723c751e8b465ee728b)  -> (artifact id: 'ae2e4a77c21c5c2b154f20c3ac80a235') in 0.006412 seconds
  Import took 0.009350 seconds .

========================================================================
Received Import Request.
  Time since last request: 0.306624 seconds.
  path: Assets/Models/Characters/Gargoyle.fbx
  artifactKey: Guid(d3312d02a690eda48bd6807bf5c78084) Importer(815301076,1909f56bfc062723c751e8b465ee728b)
Start importing Assets/Models/Characters/Gargoyle.fbx using Guid(d3312d02a690eda48bd6807bf5c78084) Importer(815301076,1909f56bfc062723c751e8b465ee728b)  -> (artifact id: '6a1018783482e1342970731dfe34d74d') in 1.388629 seconds
  Import took 1.391162 seconds .

========================================================================
Received Import Request.
  Time since last request: 0.000299 seconds.
  path: Assets/Models/Characters/Ghost.fbx
  artifactKey: Guid(563ac48ff656d49478fd93213f4c0eb8) Importer(815301076,1909f56bfc062723c751e8b465ee728b)
Start importing Assets/Models/Characters/Ghost.fbx using Guid(563ac48ff656d49478fd93213f4c0eb8) Importer(815301076,1909f56bfc062723c751e8b465ee728b)  -> (artifact id: 'becc23a2f8ae536b53cf97b27f70adcd') in 0.052455 seconds
  Import took 0.055107 seconds .

========================================================================
Received Import Request.
  Time since last request: 0.000255 seconds.
  path: Assets/Models/Characters/JohnLemon.fbx
  artifactKey: Guid(b44f3940c4940544a8c2c6aee5fa086f) Importer(815301076,1909f56bfc062723c751e8b465ee728b)
Start importing Assets/Models/Characters/JohnLemon.fbx using Guid(b44f3940c4940544a8c2c6aee5fa086f) Importer(815301076,1909f56bfc062723c751e8b465ee728b)  -> (artifact id: '6eed4ff5383303ffb73354afbe814f0a') in 0.137580 seconds
  Import took 0.170320 seconds .

========================================================================
Received Prepare
Registering precompiled user dll's ...
Registered in 0.014864 seconds.
Begin MonoManager ReloadAssembly
Native extension for WindowsStandalone target not found
Refreshing native plugins compatible for Editor in 0.36 ms, found 0 plugins.
Preloading 0 native plugins for Editor in 0.00 ms.
Invoked RoslynAnalysisRunner static constructor.
RoslynAnalysisRunner will not be running.
RoslynAnalysisRunner has terminated.
Mono: successfully reloaded assembly
- Completed reload, in  0.602 seconds
Platform modules already initialized, skipping
Refreshing native plugins compatible for Editor in 0.40 ms, found 0 plugins.
Preloading 0 native plugins for Editor in 0.00 ms.
Unloading 1585 Unused Serialized files (Serialized files now loaded: 0)
System memory in use before: 151.1 MB.
System memory in use after: 151.2 MB.

Unloading 27 unused Assets to reduce memory usage. Loaded Objects now: 2074.
Total: 2.259400 ms (FindLiveObjects: 0.196800 ms CreateObjectMapping: 0.089300 ms MarkObjects: 1.901800 ms  DeleteObjects: 0.069400 ms)

========================================================================
Received Prepare
Registering precompiled user dll's ...
Registered in 0.002509 seconds.
Begin MonoManager ReloadAssembly
Native extension for WindowsStandalone target not found
Refreshing native plugins compatible for Editor in 0.47 ms, found 0 plugins.
Preloading 0 native plugins for Editor in 0.00 ms.
Invoked RoslynAnalysisRunner static constructor.
RoslynAnalysisRunner will not be running.
RoslynAnalysisRunner has terminated.
Mono: successfully reloaded assembly
- Completed reload, in  0.592 seconds
Platform modules already initialized, skipping
Refreshing native plugins compatible for Editor in 0.41 ms, found 0 plugins.
Preloading 0 native plugins for Editor in 0.00 ms.
Unloading 1585 Unused Serialized files (Serialized files now loaded: 0)
System memory in use before: 151.1 MB.
System memory in use after: 151.2 MB.

Unloading 27 unused Assets to reduce memory usage. Loaded Objects now: 2077.
Total: 1.677300 ms (FindLiveObjects: 0.218400 ms CreateObjectMapping: 0.048300 ms MarkObjects: 1.346200 ms  DeleteObjects: 0.062800 ms)

========================================================================
Received Prepare
Registering precompiled user dll's ...
Registered in 0.002306 seconds.
Begin MonoManager ReloadAssembly
Native extension for WindowsStandalone target not found
Refreshing native plugins compatible for Editor in 0.37 ms, found 0 plugins.
Preloading 0 native plugins for Editor in 0.00 ms.
Invoked RoslynAnalysisRunner static constructor.
RoslynAnalysisRunner will not be running.
RoslynAnalysisRunner has terminated.
Mono: successfully reloaded assembly
- Completed reload, in  0.631 seconds
Platform modules already initialized, skipping
Refreshing native plugins compatible for Editor in 0.39 ms, found 0 plugins.
Preloading 0 native plugins for Editor in 0.00 ms.
Unloading 1585 Unused Serialized files (Serialized files now loaded: 0)
System memory in use before: 151.1 MB.
System memory in use after: 151.2 MB.

Unloading 27 unused Assets to reduce memory usage. Loaded Objects now: 2080.
Total: 1.525800 ms (FindLiveObjects: 0.131800 ms CreateObjectMapping: 0.036700 ms MarkObjects: 1.287300 ms  DeleteObjects: 0.069100 ms)

========================================================================
Received Import Request.
  Time since last request: 3261.044402 seconds.
  path: Assets/Textures/Characters
  artifactKey: Guid(0083f17e5d1dcf84392833fc533a2055) Importer(815301076,1909f56bfc062723c751e8b465ee728b)
Start importing Assets/Textures/Characters using Guid(0083f17e5d1dcf84392833fc533a2055) Importer(815301076,1909f56bfc062723c751e8b465ee728b)  -> (artifact id: 'e830ec55dde2bc979a8471a1c868b62b') in 0.006276 seconds
  Import took 0.009430 seconds .

========================================================================
Received Import Request.
  Time since last request: 0.036366 seconds.
  path: Assets/Textures/Characters/Gargoyle_Albedo.tif
  artifactKey: Guid(a5fd5ae3aaf893e4197df481b8c9346e) Importer(815301076,1909f56bfc062723c751e8b465ee728b)
Start importing Assets/Textures/Characters/Gargoyle_Albedo.tif using Guid(a5fd5ae3aaf893e4197df481b8c9346e) Importer(815301076,1909f56bfc062723c751e8b465ee728b)  -> (artifact id: '814a0fdc5ad409532bfcae167f5b7c5b') in 0.147319 seconds
  Import took 0.149802 seconds .

========================================================================
Received Import Request.
  Time since last request: 0.000300 seconds.
  path: Assets/Textures/Characters/JohnLemon_Occlusion.tif
  artifactKey: Guid(8add9c3ea34c3964f85be4cf3f251a6d) Importer(815301076,1909f56bfc062723c751e8b465ee728b)
Start importing Assets/Textures/Characters/JohnLemon_Occlusion.tif using Guid(8add9c3ea34c3964f85be4cf3f251a6d) Importer(815301076,1909f56bfc062723c751e8b465ee728b)  -> (artifact id: '54073e31e9d7e9f0078f86fe8739848f') in 0.009510 seconds
  Import took 0.012353 seconds .

========================================================================
Received Import Request.
  Time since last request: 0.000279 seconds.
  path: Assets/Textures/Characters/Ghost_Normal.tif
  artifactKey: Guid(b2bf2fce6ac5acf41b89f5759488edae) Importer(815301076,1909f56bfc062723c751e8b465ee728b)
Start importing Assets/Textures/Characters/Ghost_Normal.tif using Guid(b2bf2fce6ac5acf41b89f5759488edae) Importer(815301076,1909f56bfc062723c751e8b465ee728b)  -> (artifact id: '8e91ac58e1d7998426426dab4e87c29f') in 0.034238 seconds
  Import took 0.036961 seconds .

========================================================================
Received Import Request.
  Time since last request: 0.000328 seconds.
  path: Assets/Textures/Characters/JohnLemon_Albedo.tif
  artifactKey: Guid(e20889403221e4d4a939367b675af181) Importer(815301076,1909f56bfc062723c751e8b465ee728b)
Start importing Assets/Textures/Characters/JohnLemon_Albedo.tif using Guid(e20889403221e4d4a939367b675af181) Importer(815301076,1909f56bfc062723c751e8b465ee728b)  -> (artifact id: '8c3e2fb65c8e4f8984db76ccc2ed5fad') in 0.038879 seconds
  Import took 0.041137 seconds .

========================================================================
Received Import Request.
  Time since last request: 0.000303 seconds.
  path: Assets/Textures/Characters/JohnLemon_Normal.tif
  artifactKey: Guid(6f5d24c43fe71f34493bb3d379dfe9d7) Importer(815301076,1909f56bfc062723c751e8b465ee728b)
Start importing Assets/Textures/Characters/JohnLemon_Normal.tif using Guid(6f5d24c43fe71f34493bb3d379dfe9d7) Importer(815301076,1909f56bfc062723c751e8b465ee728b)  -> (artifact id: 'f016c261209e08966137b07cddeb4b0e') in 0.029381 seconds
  Import took 0.031619 seconds .

========================================================================
Received Import Request.
  Time since last request: 0.000293 seconds.
  path: Assets/Textures/Characters/Ghost_RimMask.tif
  artifactKey: Guid(0460363c9d54fe24a8f22455cba27fd0) Importer(815301076,1909f56bfc062723c751e8b465ee728b)
Start importing Assets/Textures/Characters/Ghost_RimMask.tif using Guid(0460363c9d54fe24a8f22455cba27fd0) Importer(815301076,1909f56bfc062723c751e8b465ee728b)  -> (artifact id: '522d75687f5595124603d8de5e9030e5') in 0.009851 seconds
  Import took 0.012219 seconds .

========================================================================
Received Import Request.
  Time since last request: 0.000218 seconds.
  path: Assets/Textures/Characters/Gargoyle_MetallicSmooth.tif
  artifactKey: Guid(feedc85e522b87b4aa5051553a71fc2a) Importer(815301076,1909f56bfc062723c751e8b465ee728b)
Start importing Assets/Textures/Characters/Gargoyle_MetallicSmooth.tif using Guid(feedc85e522b87b4aa5051553a71fc2a) Importer(815301076,1909f56bfc062723c751e8b465ee728b)  -> (artifact id: 'a7c5c0cb4831d8f9e3d7dc708d34d996') in 0.009924 seconds
  Import took 0.012800 seconds .

========================================================================
Received Import Request.
  Time since last request: 0.000311 seconds.
  path: Assets/Textures/Characters/Ghost_Albedo.tif
  artifactKey: Guid(ffa3bbfb0a2a37740aec32cc4f3ed28c) Importer(815301076,1909f56bfc062723c751e8b465ee728b)
Start importing Assets/Textures/Characters/Ghost_Albedo.tif using Guid(ffa3bbfb0a2a37740aec32cc4f3ed28c) Importer(815301076,1909f56bfc062723c751e8b465ee728b)  -> (artifact id: '368c89f58fe26cc1b369c51d8bede485') in 0.011110 seconds
  Import took 0.013857 seconds .

========================================================================
Received Import Request.
  Time since last request: 0.000249 seconds.
  path: Assets/Textures/Characters/Ghost_Occlusion.tif
  artifactKey: Guid(d0a98f268b60d0441ae4e70dc8560a5c) Importer(815301076,1909f56bfc062723c751e8b465ee728b)
Start importing Assets/Textures/Characters/Ghost_Occlusion.tif using Guid(d0a98f268b60d0441ae4e70dc8560a5c) Importer(815301076,1909f56bfc062723c751e8b465ee728b)  -> (artifact id: '04ebdb409be20697c02531cb7673eaa4') in 0.010031 seconds
  Import took 0.013434 seconds .

========================================================================
Received Import Request.
  Time since last request: 0.000230 seconds.
  path: Assets/Textures/Characters/Gargoyle_Occlusion.tif
  artifactKey: Guid(d3bc81db12f03c84091f40384beda6c8) Importer(815301076,1909f56bfc062723c751e8b465ee728b)
Start importing Assets/Textures/Characters/Gargoyle_Occlusion.tif using Guid(d3bc81db12f03c84091f40384beda6c8) Importer(815301076,1909f56bfc062723c751e8b465ee728b)  -> (artifact id: '153b9404b41082f123ba01e24d9a5b44') in 0.010352 seconds
  Import took 0.013303 seconds .

========================================================================
Received Import Request.
  Time since last request: 0.000266 seconds.
  path: Assets/Textures/Characters/Gargoyle_Normal.tif
  artifactKey: Guid(34c958df8066e254c9fe19021fb928f7) Importer(815301076,1909f56bfc062723c751e8b465ee728b)
Start importing Assets/Textures/Characters/Gargoyle_Normal.tif using Guid(34c958df8066e254c9fe19021fb928f7) Importer(815301076,1909f56bfc062723c751e8b465ee728b)  -> (artifact id: 'ef28b768ba0ede99ec3eabe97380f032') in 0.010414 seconds
  Import took 0.013005 seconds .

========================================================================
Received Import Request.
  Time since last request: 0.000278 seconds.
  path: Assets/Textures/Characters/Ghost_Emissive.tif
  artifactKey: Guid(be14171909e301d4c8c926d395216a01) Importer(815301076,1909f56bfc062723c751e8b465ee728b)
Start importing Assets/Textures/Characters/Ghost_Emissive.tif using Guid(be14171909e301d4c8c926d395216a01) Importer(815301076,1909f56bfc062723c751e8b465ee728b)  -> (artifact id: '85c1b42d1443f309de85f54d1bd94836') in 0.010351 seconds
  Import took 0.013004 seconds .

========================================================================
Received Import Request.
  Time since last request: 6.422803 seconds.
  path: Assets/Prefabs/VFX/CandleFlame.prefab
  artifactKey: Guid(a24956b5a0e552047a522ea09e794d95) Importer(815301076,1909f56bfc062723c751e8b465ee728b)
Start importing Assets/Prefabs/VFX/CandleFlame.prefab using Guid(a24956b5a0e552047a522ea09e794d95) Importer(815301076,1909f56bfc062723c751e8b465ee728b)  -> (artifact id: 'e200c35dca0feca1d9d94680faec3a65') in 0.011615 seconds
  Import took 0.014132 seconds .

========================================================================
Received Import Request.
  Time since last request: 0.000313 seconds.
  path: Assets/Prefabs/VFX/DustMotesEffect.prefab
  artifactKey: Guid(5ca4c580b3888314581688fa46fb142d) Importer(815301076,1909f56bfc062723c751e8b465ee728b)
Start importing Assets/Prefabs/VFX/DustMotesEffect.prefab using Guid(5ca4c580b3888314581688fa46fb142d) Importer(815301076,1909f56bfc062723c751e8b465ee728b)  -> (artifact id: '31a370b31eacb430acb6819fc75cb4df') in 0.006860 seconds
  Import took 0.009522 seconds .

========================================================================
Received Import Request.
  Time since last request: 0.000327 seconds.
  path: Assets/Prefabs/VFX/Shower.prefab
  artifactKey: Guid(3d19250bdd4e0df4c8da855e85a8d70b) Importer(815301076,1909f56bfc062723c751e8b465ee728b)
Start importing Assets/Prefabs/VFX/Shower.prefab using Guid(3d19250bdd4e0df4c8da855e85a8d70b) Importer(815301076,1909f56bfc062723c751e8b465ee728b)  -> (artifact id: '1cceed6bf04742476a00b98b31551d99') in 0.010469 seconds
  Import took 0.013255 seconds .

========================================================================
Received Import Request.
  Time since last request: 0.000313 seconds.
  path: Assets/Prefabs/VFX/Flickering_Light.prefab
  artifactKey: Guid(7d9dddbfcd0c9c0468dfbc7d25bd2d79) Importer(815301076,1909f56bfc062723c751e8b465ee728b)
Start importing Assets/Prefabs/VFX/Flickering_Light.prefab using Guid(7d9dddbfcd0c9c0468dfbc7d25bd2d79) Importer(815301076,1909f56bfc062723c751e8b465ee728b)  -> (artifact id: '05258a6737824daad7539381b124acb5') in 0.027778 seconds
  Import took 0.030599 seconds .

========================================================================
Received Import Request.
  Time since last request: 0.000221 seconds.
  path: Assets/Prefabs/VFX/RisingSteam.prefab
  artifactKey: Guid(efe021d4c307b5449b8121d46791cf95) Importer(815301076,1909f56bfc062723c751e8b465ee728b)
Start importing Assets/Prefabs/VFX/RisingSteam.prefab using Guid(efe021d4c307b5449b8121d46791cf95) Importer(815301076,1909f56bfc062723c751e8b465ee728b)  -> (artifact id: '65022caa7736b8736aa996bc8a95e7e7') in 0.008879 seconds
  Import took 0.012743 seconds .

========================================================================
Received Import Request.
  Time since last request: 624.222948 seconds.
  path: Assets/Prefabs/JohnLemon.prefab
  artifactKey: Guid(f37e644059fcbba49bb487b07b9dff6f) Importer(815301076,1909f56bfc062723c751e8b465ee728b)
Start importing Assets/Prefabs/JohnLemon.prefab using Guid(f37e644059fcbba49bb487b07b9dff6f) Importer(815301076,1909f56bfc062723c751e8b465ee728b)  -> (artifact id: '0f0c4f1ad3e8f60b9fac177885bbd4e0') in 0.028789 seconds
  Import took 0.033075 seconds .

========================================================================
Received Import Request.
  Time since last request: 0.009243 seconds.
  path: Assets/Prefabs/JohnLemon.prefab
  artifactKey: Guid(f37e644059fcbba49bb487b07b9dff6f) Importer(815301076,1909f56bfc062723c751e8b465ee728b)
Start importing Assets/Prefabs/JohnLemon.prefab using Guid(f37e644059fcbba49bb487b07b9dff6f) Importer(815301076,1909f56bfc062723c751e8b465ee728b)  -> (artifact id: '0f0c4f1ad3e8f60b9fac177885bbd4e0') in 0.017651 seconds
  Import took 0.020352 seconds .

========================================================================
Received Import Request.
  Time since last request: 1664.264858 seconds.
  path: Assets/Animation/Animators
  artifactKey: Guid(3e1ff1aa196645e4a912d1c3bb76a860) Importer(815301076,1909f56bfc062723c751e8b465ee728b)
Start importing Assets/Animation/Animators using Guid(3e1ff1aa196645e4a912d1c3bb76a860) Importer(815301076,1909f56bfc062723c751e8b465ee728b)  -> (artifact id: '8470dde40a9c4d073f8f50c5f78d3283') in 0.006251 seconds
  Import took 0.009097 seconds .

========================================================================
Received Import Request.
  Time since last request: 145.661765 seconds.
  path: Assets/Animation/Animators/New Animator Controller.controller
  artifactKey: Guid(05476993e177a6040a7b62f8c44c1e70) Importer(815301076,1909f56bfc062723c751e8b465ee728b)
Start importing Assets/Animation/Animators/New Animator Controller.controller using Guid(05476993e177a6040a7b62f8c44c1e70) Importer(815301076,1909f56bfc062723c751e8b465ee728b)  -> (artifact id: 'a692bd8c1c0297d5647fe054ae6561e8') in 0.010705 seconds
  Import took 0.013410 seconds .

========================================================================
Received Import Request.
  Time since last request: 12.368152 seconds.
  path: Assets/Animation/Animators/JohnLemon.controller
  artifactKey: Guid(05476993e177a6040a7b62f8c44c1e70) Importer(815301076,1909f56bfc062723c751e8b465ee728b)
Start importing Assets/Animation/Animators/JohnLemon.controller using Guid(05476993e177a6040a7b62f8c44c1e70) Importer(815301076,1909f56bfc062723c751e8b465ee728b)  -> (artifact id: '60e33f8a0d8117718197dfc08bee0e99') in 0.002841 seconds
  Import took 0.005521 seconds .

========================================================================
Received Import Request.
  Time since last request: 0.000225 seconds.
  path: Assets/Animation/Animators/JohnLemon.controller
  artifactKey: Guid(05476993e177a6040a7b62f8c44c1e70) Importer(815301076,1909f56bfc062723c751e8b465ee728b)
Start importing Assets/Animation/Animators/JohnLemon.controller using Guid(05476993e177a6040a7b62f8c44c1e70) Importer(815301076,1909f56bfc062723c751e8b465ee728b)  -> (artifact id: '60e33f8a0d8117718197dfc08bee0e99') in 0.002954 seconds
  Import took 0.005473 seconds .

========================================================================
Received Import Request.
  Time since last request: 607.198983 seconds.
  path: Assets/Animation/Animation
  artifactKey: Guid(16c12986779f71343a6e6759d132b35e) Importer(815301076,1909f56bfc062723c751e8b465ee728b)
Start importing Assets/Animation/Animation using Guid(16c12986779f71343a6e6759d132b35e) Importer(815301076,1909f56bfc062723c751e8b465ee728b)  -> (artifact id: 'aebaea275a6d3917105604b60b75368c') in 0.006283 seconds
  Import took 0.009650 seconds .

========================================================================
Received Import Request.
  Time since last request: 0.089519 seconds.
  path: Assets/Animation/Animation/Gargoyle@Idle.fbx
  artifactKey: Guid(475d389e70692ca4abb09caca1aef9ae) Importer(815301076,1909f56bfc062723c751e8b465ee728b)
Start importing Assets/Animation/Animation/Gargoyle@Idle.fbx using Guid(475d389e70692ca4abb09caca1aef9ae) Importer(815301076,1909f56bfc062723c751e8b465ee728b)  -> (artifact id: '45064b43b9e945bb9f1efaace7eb4bab') in 0.048313 seconds
  Import took 0.051056 seconds .

========================================================================
Received Import Request.
  Time since last request: 0.000276 seconds.
  path: Assets/Animation/Animation/John@Idle.fbx
  artifactKey: Guid(873202b19b03a8a4e976f0b15d21cd24) Importer(815301076,1909f56bfc062723c751e8b465ee728b)
Start importing Assets/Animation/Animation/John@Idle.fbx using Guid(873202b19b03a8a4e976f0b15d21cd24) Importer(815301076,1909f56bfc062723c751e8b465ee728b)  -> (artifact id: 'f096513a819eaf720ddfd997428068a4') in 0.041134 seconds
  Import took 0.043671 seconds .

========================================================================
Received Import Request.
  Time since last request: 0.000280 seconds.
  path: Assets/Animation/Animation/Ghost@Walk.fbx
  artifactKey: Guid(2017cad317b564c409a9e5bd02341461) Importer(815301076,1909f56bfc062723c751e8b465ee728b)
Start importing Assets/Animation/Animation/Ghost@Walk.fbx using Guid(2017cad317b564c409a9e5bd02341461) Importer(815301076,1909f56bfc062723c751e8b465ee728b)  -> (artifact id: '4ca6dae19352bc1d6de731cb302ae7a7') in 0.046471 seconds
  Import took 0.048919 seconds .

========================================================================
Received Import Request.
  Time since last request: 0.000249 seconds.
  path: Assets/Animation/Animation/John@Walk.fbx
  artifactKey: Guid(da1625e6a723d1745a6ba7f6565a130f) Importer(815301076,1909f56bfc062723c751e8b465ee728b)
Start importing Assets/Animation/Animation/John@Walk.fbx using Guid(da1625e6a723d1745a6ba7f6565a130f) Importer(815301076,1909f56bfc062723c751e8b465ee728b)  -> (artifact id: '5a89e0137e5249fde2b5df37dd8a90b4') in 0.036954 seconds
  Import took 0.039502 seconds .

========================================================================
Received Import Request.
  Time since last request: 0.000295 seconds.
  path: Assets/Animation/Animation/Ghost@Shower.fbx
  artifactKey: Guid(4c7b6999390a2c24498d13e4084b200f) Importer(815301076,1909f56bfc062723c751e8b465ee728b)
Start importing Assets/Animation/Animation/Ghost@Shower.fbx using Guid(4c7b6999390a2c24498d13e4084b200f) Importer(815301076,1909f56bfc062723c751e8b465ee728b)  -> (artifact id: 'b9e81ca2250f659d555f94f20d1d97d7') in 0.035643 seconds
  Import took 0.055995 seconds .

========================================================================
Received Import Request.
  Time since last request: 4218.705514 seconds.
  path: Assets/Animation/Animators/JohnLemon.controller
  artifactKey: Guid(05476993e177a6040a7b62f8c44c1e70) Importer(815301076,1909f56bfc062723c751e8b465ee728b)
Start importing Assets/Animation/Animators/JohnLemon.controller using Guid(05476993e177a6040a7b62f8c44c1e70) Importer(815301076,1909f56bfc062723c751e8b465ee728b)  -> (artifact id: 'ee2faddc78a9a683682746f311f105b6') in 0.008368 seconds
  Import took 0.011492 seconds .

========================================================================
Received Import Request.
  Time since last request: 99.847738 seconds.
  path: Assets/Prefabs/JohnLemon.prefab
  artifactKey: Guid(f37e644059fcbba49bb487b07b9dff6f) Importer(815301076,1909f56bfc062723c751e8b465ee728b)
Start importing Assets/Prefabs/JohnLemon.prefab using Guid(f37e644059fcbba49bb487b07b9dff6f) Importer(815301076,1909f56bfc062723c751e8b465ee728b)  -> (artifact id: '8c6ceb2087bd18a85fd81cff2cad8834') in 0.256573 seconds
  Import took 0.259259 seconds .

========================================================================
Received Import Request.
  Time since last request: 70.176435 seconds.
  path: Assets/Prefabs/JohnLemon.prefab
  artifactKey: Guid(f37e644059fcbba49bb487b07b9dff6f) Importer(815301076,1909f56bfc062723c751e8b465ee728b)
Start importing Assets/Prefabs/JohnLemon.prefab using Guid(f37e644059fcbba49bb487b07b9dff6f) Importer(815301076,1909f56bfc062723c751e8b465ee728b)  -> (artifact id: '4aff7a55e3adf2a2cf8538b9398c6ee4') in 0.022009 seconds
  Import took 0.025471 seconds .

========================================================================
Received Import Request.
  Time since last request: 0.017621 seconds.
  path: Assets/Prefabs/JohnLemon.prefab
  artifactKey: Guid(f37e644059fcbba49bb487b07b9dff6f) Importer(815301076,1909f56bfc062723c751e8b465ee728b)
Start importing Assets/Prefabs/JohnLemon.prefab using Guid(f37e644059fcbba49bb487b07b9dff6f) Importer(815301076,1909f56bfc062723c751e8b465ee728b)  -> (artifact id: '4aff7a55e3adf2a2cf8538b9398c6ee4') in 0.020541 seconds
  Import took 0.023640 seconds .

========================================================================
Received Import Request.
  Time since last request: 1097.194280 seconds.
  path: Assets/Prefabs/JohnLemon.prefab
  artifactKey: Guid(f37e644059fcbba49bb487b07b9dff6f) Importer(815301076,1909f56bfc062723c751e8b465ee728b)
Start importing Assets/Prefabs/JohnLemon.prefab using Guid(f37e644059fcbba49bb487b07b9dff6f) Importer(815301076,1909f56bfc062723c751e8b465ee728b)  -> (artifact id: '7020feebf085f1fe17ce506bf9c00c0a') in 0.046092 seconds
  Import took 0.050519 seconds .

========================================================================
Received Import Request.
  Time since last request: 1773.743870 seconds.
  path: Assets/Prefabs/JohnLemon.prefab
  artifactKey: Guid(f37e644059fcbba49bb487b07b9dff6f) Importer(815301076,1909f56bfc062723c751e8b465ee728b)
Start importing Assets/Prefabs/JohnLemon.prefab using Guid(f37e644059fcbba49bb487b07b9dff6f) Importer(815301076,1909f56bfc062723c751e8b465ee728b)  -> (artifact id: '5c8dabeac8743eb1be817196bf899dfa') in 0.039341 seconds
  Import took 0.043402 seconds .

========================================================================
Received Import Request.
  Time since last request: 13.898081 seconds.
  path: Assets/Prefabs/JohnLemon.prefab
  artifactKey: Guid(f37e644059fcbba49bb487b07b9dff6f) Importer(815301076,1909f56bfc062723c751e8b465ee728b)
Start importing Assets/Prefabs/JohnLemon.prefab using Guid(f37e644059fcbba49bb487b07b9dff6f) Importer(815301076,1909f56bfc062723c751e8b465ee728b)  -> (artifact id: 'fca76a357bb1c78416879466b97c2b7d') in 0.032350 seconds
  Import took 0.035469 seconds .

========================================================================
Received Import Request.
  Time since last request: 1.078614 seconds.
  path: Assets/Prefabs/JohnLemon.prefab
  artifactKey: Guid(f37e644059fcbba49bb487b07b9dff6f) Importer(815301076,1909f56bfc062723c751e8b465ee728b)
Start importing Assets/Prefabs/JohnLemon.prefab using Guid(f37e644059fcbba49bb487b07b9dff6f) Importer(815301076,1909f56bfc062723c751e8b465ee728b)  -> (artifact id: 'e1969d3e77ca12003cb5246c4caf10ad') in 0.021399 seconds
  Import took 0.024773 seconds .

========================================================================
Received Import Request.
  Time since last request: 57.594777 seconds.
  path: Assets/Prefabs/JohnLemon.prefab
  artifactKey: Guid(f37e644059fcbba49bb487b07b9dff6f) Importer(815301076,1909f56bfc062723c751e8b465ee728b)
Start importing Assets/Prefabs/JohnLemon.prefab using Guid(f37e644059fcbba49bb487b07b9dff6f) Importer(815301076,1909f56bfc062723c751e8b465ee728b)  -> (artifact id: 'ddcd80d78a0212b14e2538fb7315e475') in 0.035005 seconds
  Import took 0.037924 seconds .

========================================================================
Received Import Request.
  Time since last request: 27.189999 seconds.
  path: Assets/Prefabs/JohnLemon.prefab
  artifactKey: Guid(f37e644059fcbba49bb487b07b9dff6f) Importer(815301076,1909f56bfc062723c751e8b465ee728b)
Start importing Assets/Prefabs/JohnLemon.prefab using Guid(f37e644059fcbba49bb487b07b9dff6f) Importer(815301076,1909f56bfc062723c751e8b465ee728b)  -> (artifact id: '80a0742728b2d9f9a62197e3a2c6195d') in 0.050897 seconds
  Import took 0.053927 seconds .

========================================================================
Received Import Request.
  Time since last request: 7.385039 seconds.
  path: Assets/Prefabs/JohnLemon.prefab
  artifactKey: Guid(f37e644059fcbba49bb487b07b9dff6f) Importer(815301076,1909f56bfc062723c751e8b465ee728b)
Start importing Assets/Prefabs/JohnLemon.prefab using Guid(f37e644059fcbba49bb487b07b9dff6f) Importer(815301076,1909f56bfc062723c751e8b465ee728b)  -> (artifact id: 'c181e746874fe89626e28a318a12031e') in 0.052164 seconds
  Import took 0.055406 seconds .

========================================================================
Received Import Request.
  Time since last request: 0.003656 seconds.
  path: Assets/Prefabs/JohnLemon.prefab
  artifactKey: Guid(f37e644059fcbba49bb487b07b9dff6f) Importer(815301076,1909f56bfc062723c751e8b465ee728b)
Start importing Assets/Prefabs/JohnLemon.prefab using Guid(f37e644059fcbba49bb487b07b9dff6f) Importer(815301076,1909f56bfc062723c751e8b465ee728b)  -> (artifact id: 'c181e746874fe89626e28a318a12031e') in 0.017941 seconds
  Import took 0.021410 seconds .

========================================================================
Received Import Request.
  Time since last request: 85.701468 seconds.
  path: Assets/Prefabs/JohnLemon.prefab
  artifactKey: Guid(f37e644059fcbba49bb487b07b9dff6f) Importer(815301076,1909f56bfc062723c751e8b465ee728b)
Start importing Assets/Prefabs/JohnLemon.prefab using Guid(f37e644059fcbba49bb487b07b9dff6f) Importer(815301076,1909f56bfc062723c751e8b465ee728b)  -> (artifact id: '79257a1ead122e942aed181b3546e1a5') in 0.021152 seconds
  Import took 0.024695 seconds .

========================================================================
Received Import Request.
  Time since last request: 46.624027 seconds.
  path: Assets/Scripts
  artifactKey: Guid(4b32d296f22ef544caf49758d8111991) Importer(815301076,1909f56bfc062723c751e8b465ee728b)
Start importing Assets/Scripts using Guid(4b32d296f22ef544caf49758d8111991) Importer(815301076,1909f56bfc062723c751e8b465ee728b)  -> (artifact id: '2d618f590ec48963f6ab8d22d2450602') in 0.007567 seconds
  Import took 0.010120 seconds .

========================================================================
Received Import Request.
  Time since last request: 66.273408 seconds.
  path: Assets/Scripts/PlayerMovement.cs
  artifactKey: Guid(9eee0331318260f4d8ae8771ffb16fef) Importer(815301076,1909f56bfc062723c751e8b465ee728b)
Start importing Assets/Scripts/PlayerMovement.cs using Guid(9eee0331318260f4d8ae8771ffb16fef) Importer(815301076,1909f56bfc062723c751e8b465ee728b)  -> (artifact id: '3f7b3c889711485cbc25d25b5ae20d02') in 0.094344 seconds
  Import took 0.096690 seconds .

========================================================================
Received Prepare
Registering precompiled user dll's ...
Registered in 0.073055 seconds.
Begin MonoManager ReloadAssembly
Native extension for WindowsStandalone target not found
Refreshing native plugins compatible for Editor in 0.38 ms, found 0 plugins.
Preloading 0 native plugins for Editor in 0.00 ms.
Invoked RoslynAnalysisRunner static constructor.
RoslynAnalysisRunner will not be running.
RoslynAnalysisRunner has terminated.
Mono: successfully reloaded assembly
- Completed reload, in  0.969 seconds
Platform modules already initialized, skipping
Refreshing native plugins compatible for Editor in 1.17 ms, found 0 plugins.
Preloading 0 native plugins for Editor in 0.00 ms.
Unloading 1586 Unused Serialized files (Serialized files now loaded: 0)
System memory in use before: 151.7 MB.
System memory in use after: 151.8 MB.

Unloading 28 unused Assets to reduce memory usage. Loaded Objects now: 2089.
Total: 26.985300 ms (FindLiveObjects: 0.267500 ms CreateObjectMapping: 0.082500 ms MarkObjects: 26.459200 ms  DeleteObjects: 0.171600 ms)

========================================================================
Received Prepare
Registering precompiled user dll's ...
Registered in 0.002642 seconds.
Begin MonoManager ReloadAssembly
Native extension for WindowsStandalone target not found
Refreshing native plugins compatible for Editor in 0.42 ms, found 0 plugins.
Preloading 0 native plugins for Editor in 0.00 ms.
Invoked RoslynAnalysisRunner static constructor.
RoslynAnalysisRunner will not be running.
RoslynAnalysisRunner has terminated.
Mono: successfully reloaded assembly
- Completed reload, in  0.700 seconds
Platform modules already initialized, skipping
Refreshing native plugins compatible for Editor in 0.38 ms, found 0 plugins.
Preloading 0 native plugins for Editor in 0.00 ms.
Unloading 1586 Unused Serialized files (Serialized files now loaded: 0)
System memory in use before: 151.7 MB.
System memory in use after: 151.8 MB.

Unloading 27 unused Assets to reduce memory usage. Loaded Objects now: 2092.
Total: 2.039400 ms (FindLiveObjects: 0.170800 ms CreateObjectMapping: 0.061400 ms MarkObjects: 1.732600 ms  DeleteObjects: 0.072400 ms)

========================================================================
Received Import Request.
  Time since last request: 1590.501562 seconds.
  path: Assets/Scripts/PlayerMovement.cs
  artifactKey: Guid(9eee0331318260f4d8ae8771ffb16fef) Importer(815301076,1909f56bfc062723c751e8b465ee728b)
Start importing Assets/Scripts/PlayerMovement.cs using Guid(9eee0331318260f4d8ae8771ffb16fef) Importer(815301076,1909f56bfc062723c751e8b465ee728b)  -> (artifact id: '742530545b7e9c623bd9bf33dd178367') in 0.006522 seconds
  Import took 0.010113 seconds .

========================================================================
Received Import Request.
  Time since last request: 111.732715 seconds.
  path: Assets/Prefabs/JohnLemon.prefab
  artifactKey: Guid(f37e644059fcbba49bb487b07b9dff6f) Importer(815301076,1909f56bfc062723c751e8b465ee728b)
Start importing Assets/Prefabs/JohnLemon.prefab using Guid(f37e644059fcbba49bb487b07b9dff6f) Importer(815301076,1909f56bfc062723c751e8b465ee728b)  -> (artifact id: '6b0deebcc5ff69ee7729be5335daabf4') in 0.465902 seconds
  Import took 0.469154 seconds .

========================================================================
Received Prepare
Registering precompiled user dll's ...
Registered in 0.002500 seconds.
Begin MonoManager ReloadAssembly
Native extension for WindowsStandalone target not found
Refreshing native plugins compatible for Editor in 0.62 ms, found 0 plugins.
Preloading 0 native plugins for Editor in 0.00 ms.
Invoked RoslynAnalysisRunner static constructor.
RoslynAnalysisRunner will not be running.
RoslynAnalysisRunner has terminated.
Mono: successfully reloaded assembly
- Completed reload, in  0.691 seconds
Platform modules already initialized, skipping
Refreshing native plugins compatible for Editor in 0.52 ms, found 0 plugins.
Preloading 0 native plugins for Editor in 0.00 ms.
Unloading 1586 Unused Serialized files (Serialized files now loaded: 0)
System memory in use before: 151.7 MB.
System memory in use after: 151.8 MB.

Unloading 27 unused Assets to reduce memory usage. Loaded Objects now: 2096.
Total: 1.667300 ms (FindLiveObjects: 0.181600 ms CreateObjectMapping: 0.049900 ms MarkObjects: 1.374200 ms  DeleteObjects: 0.059500 ms)

========================================================================
Received Prepare
Registering precompiled user dll's ...
Registered in 0.002865 seconds.
Begin MonoManager ReloadAssembly
Native extension for WindowsStandalone target not found
Refreshing native plugins compatible for Editor in 0.38 ms, found 0 plugins.
Preloading 0 native plugins for Editor in 0.00 ms.
Invoked RoslynAnalysisRunner static constructor.
RoslynAnalysisRunner will not be running.
RoslynAnalysisRunner has terminated.
Mono: successfully reloaded assembly
- Completed reload, in  0.685 seconds
Platform modules already initialized, skipping
Refreshing native plugins compatible for Editor in 0.38 ms, found 0 plugins.
Preloading 0 native plugins for Editor in 0.00 ms.
Unloading 1586 Unused Serialized files (Serialized files now loaded: 0)
System memory in use before: 151.7 MB.
System memory in use after: 151.8 MB.

Unloading 27 unused Assets to reduce memory usage. Loaded Objects now: 2099.
Total: 1.970200 ms (FindLiveObjects: 0.206000 ms CreateObjectMapping: 0.070700 ms MarkObjects: 1.610900 ms  DeleteObjects: 0.080700 ms)

========================================================================
Received Import Request.
  Time since last request: 325.444524 seconds.
  path: Assets/Scripts/PlayerMovement.cs
  artifactKey: Guid(9eee0331318260f4d8ae8771ffb16fef) Importer(815301076,1909f56bfc062723c751e8b465ee728b)
Start importing Assets/Scripts/PlayerMovement.cs using Guid(9eee0331318260f4d8ae8771ffb16fef) Importer(815301076,1909f56bfc062723c751e8b465ee728b)  -> (artifact id: '16194112bddc3fc43dfb295761350562') in 0.004420 seconds
  Import took 0.006811 seconds .

========================================================================
Received Prepare
Registering precompiled user dll's ...
Registered in 0.002377 seconds.
Begin MonoManager ReloadAssembly
Native extension for WindowsStandalone target not found
Refreshing native plugins compatible for Editor in 0.38 ms, found 0 plugins.
Preloading 0 native plugins for Editor in 0.00 ms.
Invoked RoslynAnalysisRunner static constructor.
RoslynAnalysisRunner will not be running.
RoslynAnalysisRunner has terminated.
Mono: successfully reloaded assembly
- Completed reload, in  1.207 seconds
Platform modules already initialized, skipping
Refreshing native plugins compatible for Editor in 0.41 ms, found 0 plugins.
Preloading 0 native plugins for Editor in 0.00 ms.
Unloading 1586 Unused Serialized files (Serialized files now loaded: 0)
System memory in use before: 151.7 MB.
System memory in use after: 151.8 MB.

Unloading 27 unused Assets to reduce memory usage. Loaded Objects now: 2102.
Total: 1.606600 ms (FindLiveObjects: 0.145600 ms CreateObjectMapping: 0.044100 ms MarkObjects: 1.335300 ms  DeleteObjects: 0.080300 ms)

AssetImportWorkerClient::OnTransportError - code=2 error=End of file
